mode: set
bitbucket.org/nmontes/WebSSHManageAlcatel/web/static-files-fonts.rice-box.go:8.13,55.2 6 1
bitbucket.org/nmontes/WebSSHManageAlcatel/web/static-files-images.rice-box.go:8.13,55.2 6 1
bitbucket.org/nmontes/WebSSHManageAlcatel/web/static-files-js.rice-box.go:8.13,41.2 4 1
bitbucket.org/nmontes/WebSSHManageAlcatel/web/templates.rice-box.go:8.13,48.2 5 1
bitbucket.org/nmontes/WebSSHManageAlcatel/web/views.rice-box.go:8.13,48.2 5 1
bitbucket.org/nmontes/WebSSHManageAlcatel/web/web.go:143.12,150.2 2 1
bitbucket.org/nmontes/WebSSHManageAlcatel/web/web.go:153.59,171.16 14 1
bitbucket.org/nmontes/WebSSHManageAlcatel/web/web.go:175.2,175.20 1 1
bitbucket.org/nmontes/WebSSHManageAlcatel/web/web.go:171.16,173.3 1 0
bitbucket.org/nmontes/WebSSHManageAlcatel/web/web.go:177.2,183.44 6 1
bitbucket.org/nmontes/WebSSHManageAlcatel/web/web.go:190.3,192.109 3 1
bitbucket.org/nmontes/WebSSHManageAlcatel/web/web.go:194.2,195.19 1 1
bitbucket.org/nmontes/WebSSHManageAlcatel/web/web.go:290.2,296.44 6 1
bitbucket.org/nmontes/WebSSHManageAlcatel/web/web.go:303.3,305.25 2 1
bitbucket.org/nmontes/WebSSHManageAlcatel/web/web.go:317.3,317.85 1 1
bitbucket.org/nmontes/WebSSHManageAlcatel/web/web.go:320.2,323.16 3 1
bitbucket.org/nmontes/WebSSHManageAlcatel/web/web.go:325.2,328.44 3 1
bitbucket.org/nmontes/WebSSHManageAlcatel/web/web.go:338.3,338.24 1 1
bitbucket.org/nmontes/WebSSHManageAlcatel/web/web.go:340.2,341.27 1 1
bitbucket.org/nmontes/WebSSHManageAlcatel/web/web.go:398.2,399.27 1 1
bitbucket.org/nmontes/WebSSHManageAlcatel/web/web.go:425.2,428.28 3 1
bitbucket.org/nmontes/WebSSHManageAlcatel/web/web.go:429.2,432.28 3 1
bitbucket.org/nmontes/WebSSHManageAlcatel/web/web.go:433.2,436.28 3 1
bitbucket.org/nmontes/WebSSHManageAlcatel/web/web.go:437.2,440.28 3 1
bitbucket.org/nmontes/WebSSHManageAlcatel/web/web.go:441.2,444.28 3 1
bitbucket.org/nmontes/WebSSHManageAlcatel/web/web.go:445.2,448.28 3 1
bitbucket.org/nmontes/WebSSHManageAlcatel/web/web.go:449.2,452.28 3 1
bitbucket.org/nmontes/WebSSHManageAlcatel/web/web.go:453.2,456.28 3 1
bitbucket.org/nmontes/WebSSHManageAlcatel/web/web.go:457.2,460.28 3 1
bitbucket.org/nmontes/WebSSHManageAlcatel/web/web.go:461.2,464.28 3 1
bitbucket.org/nmontes/WebSSHManageAlcatel/web/web.go:465.2,468.28 3 1
bitbucket.org/nmontes/WebSSHManageAlcatel/web/web.go:469.2,472.28 3 1
bitbucket.org/nmontes/WebSSHManageAlcatel/web/web.go:473.2,476.28 3 1
bitbucket.org/nmontes/WebSSHManageAlcatel/web/web.go:477.2,477.10 0 1
bitbucket.org/nmontes/WebSSHManageAlcatel/web/web.go:183.44,184.40 1 1
bitbucket.org/nmontes/WebSSHManageAlcatel/web/web.go:184.40,186.5 1 1
bitbucket.org/nmontes/WebSSHManageAlcatel/web/web.go:186.5,188.5 1 0
bitbucket.org/nmontes/WebSSHManageAlcatel/web/web.go:197.3,205.28 8 1
bitbucket.org/nmontes/WebSSHManageAlcatel/web/web.go:225.4,225.89 1 1
bitbucket.org/nmontes/WebSSHManageAlcatel/web/web.go:227.3,239.30 12 1
bitbucket.org/nmontes/WebSSHManageAlcatel/web/web.go:253.4,257.45 4 1
bitbucket.org/nmontes/WebSSHManageAlcatel/web/web.go:264.4,264.81 1 1
bitbucket.org/nmontes/WebSSHManageAlcatel/web/web.go:266.3,267.28 1 1
bitbucket.org/nmontes/WebSSHManageAlcatel/web/web.go:205.28,208.46 3 1
bitbucket.org/nmontes/WebSSHManageAlcatel/web/web.go:215.5,223.135 9 1
bitbucket.org/nmontes/WebSSHManageAlcatel/web/web.go:208.46,209.42 1 1
bitbucket.org/nmontes/WebSSHManageAlcatel/web/web.go:209.42,211.7 1 1
bitbucket.org/nmontes/WebSSHManageAlcatel/web/web.go:211.7,213.7 1 0
bitbucket.org/nmontes/WebSSHManageAlcatel/web/web.go:239.30,248.5 7 0
bitbucket.org/nmontes/WebSSHManageAlcatel/web/web.go:248.5,252.5 2 1
bitbucket.org/nmontes/WebSSHManageAlcatel/web/web.go:257.45,258.41 1 1
bitbucket.org/nmontes/WebSSHManageAlcatel/web/web.go:258.41,260.6 1 1
bitbucket.org/nmontes/WebSSHManageAlcatel/web/web.go:260.6,262.6 1 0
bitbucket.org/nmontes/WebSSHManageAlcatel/web/web.go:267.28,283.5 9 0
bitbucket.org/nmontes/WebSSHManageAlcatel/web/web.go:283.5,287.5 3 1
bitbucket.org/nmontes/WebSSHManageAlcatel/web/web.go:296.44,297.40 1 1
bitbucket.org/nmontes/WebSSHManageAlcatel/web/web.go:297.40,299.5 1 1
bitbucket.org/nmontes/WebSSHManageAlcatel/web/web.go:299.5,301.5 1 0
bitbucket.org/nmontes/WebSSHManageAlcatel/web/web.go:306.3,313.35 7 0
bitbucket.org/nmontes/WebSSHManageAlcatel/web/web.go:314.3,315.16 1 1
bitbucket.org/nmontes/WebSSHManageAlcatel/web/web.go:328.44,331.40 3 1
bitbucket.org/nmontes/WebSSHManageAlcatel/web/web.go:331.40,333.30 2 0
bitbucket.org/nmontes/WebSSHManageAlcatel/web/web.go:333.30,335.6 1 0
bitbucket.org/nmontes/WebSSHManageAlcatel/web/web.go:341.27,351.26 9 0
bitbucket.org/nmontes/WebSSHManageAlcatel/web/web.go:361.4,361.22 1 0
bitbucket.org/nmontes/WebSSHManageAlcatel/web/web.go:371.4,371.22 1 0
bitbucket.org/nmontes/WebSSHManageAlcatel/web/web.go:381.4,383.41 2 0
bitbucket.org/nmontes/WebSSHManageAlcatel/web/web.go:390.4,392.17 3 0
bitbucket.org/nmontes/WebSSHManageAlcatel/web/web.go:351.26,356.5 4 0
bitbucket.org/nmontes/WebSSHManageAlcatel/web/web.go:356.5,359.5 2 0
bitbucket.org/nmontes/WebSSHManageAlcatel/web/web.go:361.22,366.5 4 0
bitbucket.org/nmontes/WebSSHManageAlcatel/web/web.go:366.5,369.5 2 0
bitbucket.org/nmontes/WebSSHManageAlcatel/web/web.go:371.22,376.5 4 0
bitbucket.org/nmontes/WebSSHManageAlcatel/web/web.go:376.5,379.5 2 0
bitbucket.org/nmontes/WebSSHManageAlcatel/web/web.go:383.41,384.50 1 0
bitbucket.org/nmontes/WebSSHManageAlcatel/web/web.go:384.50,385.47 1 0
bitbucket.org/nmontes/WebSSHManageAlcatel/web/web.go:385.47,387.7 1 0
bitbucket.org/nmontes/WebSSHManageAlcatel/web/web.go:393.4,395.4 1 1
bitbucket.org/nmontes/WebSSHManageAlcatel/web/web.go:399.27,411.41 12 0
bitbucket.org/nmontes/WebSSHManageAlcatel/web/web.go:417.4,419.52 3 0
bitbucket.org/nmontes/WebSSHManageAlcatel/web/web.go:411.41,413.31 2 0
bitbucket.org/nmontes/WebSSHManageAlcatel/web/web.go:413.31,415.6 1 0
bitbucket.org/nmontes/WebSSHManageAlcatel/web/web.go:420.4,422.4 1 1
bitbucket.org/nmontes/WebSSHManageAlcatel/web/web.go:483.47,485.39 1 1
bitbucket.org/nmontes/WebSSHManageAlcatel/web/web.go:490.2,491.13 2 1
bitbucket.org/nmontes/WebSSHManageAlcatel/web/web.go:485.39,486.29 1 1
bitbucket.org/nmontes/WebSSHManageAlcatel/web/web.go:486.29,488.4 1 1
bitbucket.org/nmontes/WebSSHManageAlcatel/web/web.go:496.48,498.39 1 1
bitbucket.org/nmontes/WebSSHManageAlcatel/web/web.go:503.2,503.11 1 1
bitbucket.org/nmontes/WebSSHManageAlcatel/web/web.go:498.39,499.29 1 1
bitbucket.org/nmontes/WebSSHManageAlcatel/web/web.go:499.29,501.4 1 1
bitbucket.org/nmontes/WebSSHManageAlcatel/web/web.go:508.53,520.16 11 1
bitbucket.org/nmontes/WebSSHManageAlcatel/web/web.go:524.2,525.29 2 1
bitbucket.org/nmontes/WebSSHManageAlcatel/web/web.go:530.2,530.15 1 1
bitbucket.org/nmontes/WebSSHManageAlcatel/web/web.go:520.16,522.3 1 1
bitbucket.org/nmontes/WebSSHManageAlcatel/web/web.go:525.29,527.3 1 1
bitbucket.org/nmontes/WebSSHManageAlcatel/web/web.go:527.3,529.3 1 0
bitbucket.org/nmontes/WebSSHManageAlcatel/web/web.go:534.56,552.16 16 0
bitbucket.org/nmontes/WebSSHManageAlcatel/web/web.go:556.2,556.28 1 0
bitbucket.org/nmontes/WebSSHManageAlcatel/web/web.go:552.16,554.3 1 0
bitbucket.org/nmontes/WebSSHManageAlcatel/web/web.go:560.44,576.16 13 1
bitbucket.org/nmontes/WebSSHManageAlcatel/web/web.go:580.2,585.49 5 1
bitbucket.org/nmontes/WebSSHManageAlcatel/web/web.go:576.16,578.3 1 1
bitbucket.org/nmontes/WebSSHManageAlcatel/web/web.go:589.58,608.16 17 0
bitbucket.org/nmontes/WebSSHManageAlcatel/web/web.go:612.2,614.43 3 0
bitbucket.org/nmontes/WebSSHManageAlcatel/web/web.go:619.2,623.16 4 0
bitbucket.org/nmontes/WebSSHManageAlcatel/web/web.go:627.2,629.37 2 0
bitbucket.org/nmontes/WebSSHManageAlcatel/web/web.go:637.2,645.41 7 0
bitbucket.org/nmontes/WebSSHManageAlcatel/web/web.go:608.16,610.3 1 0
bitbucket.org/nmontes/WebSSHManageAlcatel/web/web.go:614.43,617.3 2 0
bitbucket.org/nmontes/WebSSHManageAlcatel/web/web.go:623.16,625.3 1 0
bitbucket.org/nmontes/WebSSHManageAlcatel/web/web.go:629.37,635.3 5 0
bitbucket.org/nmontes/WebSSHManageAlcatel/web/web.go:649.58,667.16 16 0
bitbucket.org/nmontes/WebSSHManageAlcatel/web/web.go:671.2,673.43 3 0
bitbucket.org/nmontes/WebSSHManageAlcatel/web/web.go:678.2,682.16 4 0
bitbucket.org/nmontes/WebSSHManageAlcatel/web/web.go:686.2,688.37 2 0
bitbucket.org/nmontes/WebSSHManageAlcatel/web/web.go:695.2,700.39 4 0
bitbucket.org/nmontes/WebSSHManageAlcatel/web/web.go:713.2,718.47 5 0
bitbucket.org/nmontes/WebSSHManageAlcatel/web/web.go:667.16,669.3 1 0
bitbucket.org/nmontes/WebSSHManageAlcatel/web/web.go:673.43,676.3 2 0
bitbucket.org/nmontes/WebSSHManageAlcatel/web/web.go:682.16,684.3 1 0
bitbucket.org/nmontes/WebSSHManageAlcatel/web/web.go:688.37,693.3 4 0
bitbucket.org/nmontes/WebSSHManageAlcatel/web/web.go:700.39,705.34 5 0
bitbucket.org/nmontes/WebSSHManageAlcatel/web/web.go:705.34,707.28 2 0
bitbucket.org/nmontes/WebSSHManageAlcatel/web/web.go:707.28,709.5 1 0
bitbucket.org/nmontes/WebSSHManageAlcatel/web/web.go:722.61,727.39 3 0
bitbucket.org/nmontes/WebSSHManageAlcatel/web/web.go:727.39,728.48 1 0
bitbucket.org/nmontes/WebSSHManageAlcatel/web/web.go:728.48,748.18 17 0
bitbucket.org/nmontes/WebSSHManageAlcatel/web/web.go:752.4,754.48 3 0
bitbucket.org/nmontes/WebSSHManageAlcatel/web/web.go:759.4,763.18 4 0
bitbucket.org/nmontes/WebSSHManageAlcatel/web/web.go:767.4,769.42 2 0
bitbucket.org/nmontes/WebSSHManageAlcatel/web/web.go:774.4,774.38 1 0
bitbucket.org/nmontes/WebSSHManageAlcatel/web/web.go:778.4,781.51 4 0
bitbucket.org/nmontes/WebSSHManageAlcatel/web/web.go:748.18,750.5 1 0
bitbucket.org/nmontes/WebSSHManageAlcatel/web/web.go:754.48,757.5 2 0
bitbucket.org/nmontes/WebSSHManageAlcatel/web/web.go:763.18,765.5 1 0
bitbucket.org/nmontes/WebSSHManageAlcatel/web/web.go:769.42,772.5 2 0
bitbucket.org/nmontes/WebSSHManageAlcatel/web/web.go:774.38,776.5 1 0
bitbucket.org/nmontes/WebSSHManageAlcatel/web/web.go:787.75,807.16 17 0
bitbucket.org/nmontes/WebSSHManageAlcatel/web/web.go:811.2,813.46 3 0
bitbucket.org/nmontes/WebSSHManageAlcatel/web/web.go:818.2,822.16 4 0
bitbucket.org/nmontes/WebSSHManageAlcatel/web/web.go:826.2,828.40 2 0
bitbucket.org/nmontes/WebSSHManageAlcatel/web/web.go:833.2,833.39 1 0
bitbucket.org/nmontes/WebSSHManageAlcatel/web/web.go:843.2,848.34 5 0
bitbucket.org/nmontes/WebSSHManageAlcatel/web/web.go:807.16,809.3 1 0
bitbucket.org/nmontes/WebSSHManageAlcatel/web/web.go:813.46,816.3 2 0
bitbucket.org/nmontes/WebSSHManageAlcatel/web/web.go:822.16,824.3 1 0
bitbucket.org/nmontes/WebSSHManageAlcatel/web/web.go:828.40,831.3 2 0
bitbucket.org/nmontes/WebSSHManageAlcatel/web/web.go:833.39,834.48 1 0
bitbucket.org/nmontes/WebSSHManageAlcatel/web/web.go:834.48,835.41 1 0
bitbucket.org/nmontes/WebSSHManageAlcatel/web/web.go:835.41,836.39 1 0
bitbucket.org/nmontes/WebSSHManageAlcatel/web/web.go:836.39,838.6 1 0
bitbucket.org/nmontes/WebSSHManageAlcatel/web/static-files-css.rice-box.go:8.13,83.2 10 1
